[debug] [2023-07-20T07:13:47.689Z] ----------------------------------------------------------------------
[debug] [2023-07-20T07:13:47.691Z] Command:       C:\Program Files\nodejs\node.exe C:\Program Files\nodejs\node_modules\firebase-tools\lib\bin\firebase.js emulators:start --only functions
[debug] [2023-07-20T07:13:47.692Z] CLI Version:   12.4.4
[debug] [2023-07-20T07:13:47.692Z] Platform:      win32
[debug] [2023-07-20T07:13:47.693Z] Node Version:  v18.16.1
[debug] [2023-07-20T07:13:47.693Z] Time:          Thu Jul 20 2023 12:43:47 GMT+0530 (India Standard Time)
[debug] [2023-07-20T07:13:47.694Z] ----------------------------------------------------------------------
[debug] 
[debug] [2023-07-20T07:13:47.842Z] > command requires scopes: ["email","openid","https://www.googleapis.com/auth/cloudplatformprojects.readonly","https://www.googleapis.com/auth/firebase","https://www.googleapis.com/auth/cloud-platform"]
[debug] [2023-07-20T07:13:47.843Z] > authorizing via signed-in user (pwshehan@gmail.com)
[info] i  emulators: Starting emulators: functions {"metadata":{"emulator":{"name":"hub"},"message":"Starting emulators: functions"}}
[debug] [2023-07-20T07:13:47.856Z] [logging] Logging Emulator only supports listening on one address (127.0.0.1). Not listening on ::1
[debug] [2023-07-20T07:13:47.856Z] assigned listening specs for emulators {"user":{"hub":[{"address":"127.0.0.1","family":"IPv4","port":4400},{"address":"::1","family":"IPv6","port":4400}],"ui":[{"address":"127.0.0.1","family":"IPv4","port":4000},{"address":"::1","family":"IPv6","port":4000}],"logging":[{"address":"127.0.0.1","family":"IPv4","port":4500}]},"metadata":{"message":"assigned listening specs for emulators"}}
[debug] [2023-07-20T07:13:47.910Z] [hub] writing locator at C:\Users\pwshe\AppData\Local\Temp\hub-exmo2023.json
[debug] [2023-07-20T07:13:47.932Z] [functions] Functions Emulator only supports listening on one address (127.0.0.1). Not listening on ::1
[debug] [2023-07-20T07:13:47.933Z] [eventarc] Eventarc Emulator only supports listening on one address (127.0.0.1). Not listening on ::1
[debug] [2023-07-20T07:13:47.933Z] late-assigned ports for functions and eventarc emulators {"user":{"hub":[{"address":"127.0.0.1","family":"IPv4","port":4400},{"address":"::1","family":"IPv6","port":4400}],"ui":[{"address":"127.0.0.1","family":"IPv4","port":4000},{"address":"::1","family":"IPv6","port":4000}],"logging":[{"address":"127.0.0.1","family":"IPv4","port":4500}],"functions":[{"address":"127.0.0.1","family":"IPv4","port":5001}],"eventarc":[{"address":"127.0.0.1","family":"IPv4","port":9299}]},"metadata":{"message":"late-assigned ports for functions and eventarc emulators"}}
[warn] !  functions: The following emulators are not running, calls to these services from the Functions emulator will affect production: auth, firestore, database, hosting, pubsub, storage {"metadata":{"emulator":{"name":"functions"},"message":"The following emulators are not running, calls to these services from the Functions emulator will affect production: \u001b[1mauth, firestore, database, hosting, pubsub, storage\u001b[22m"}}
[debug] [2023-07-20T07:13:47.939Z] defaultcredentials: writing to file C:\Users\pwshe\AppData\Roaming\firebase\pwshehan_gmail_com_application_default_credentials.json
[debug] [2023-07-20T07:13:47.943Z] Setting GAC to C:\Users\pwshe\AppData\Roaming\firebase\pwshehan_gmail_com_application_default_credentials.json {"metadata":{"emulator":{"name":"functions"},"message":"Setting GAC to C:\\Users\\pwshe\\AppData\\Roaming\\firebase\\pwshehan_gmail_com_application_default_credentials.json"}}
[debug] [2023-07-20T07:13:47.945Z] >>> [apiv2][query] GET https://firebase.googleapis.com/v1beta1/projects/exmo2023/adminSdkConfig [none]
[debug] [2023-07-20T07:13:48.565Z] <<< [apiv2][status] GET https://firebase.googleapis.com/v1beta1/projects/exmo2023/adminSdkConfig 200
[debug] [2023-07-20T07:13:48.565Z] <<< [apiv2][body] GET https://firebase.googleapis.com/v1beta1/projects/exmo2023/adminSdkConfig {"projectId":"exmo2023","storageBucket":"exmo2023.appspot.com"}
[info] i  ui: downloading ui-v1.11.7.zip... {"metadata":{"emulator":{"name":"ui"},"message":"downloading ui-v1.11.7.zip..."}}
[debug] [2023-07-20T07:13:48.599Z] >>> [apiv2][query] GET https://storage.googleapis.com/firebase-preview-drop/emulator/ui-v1.11.7.zip 
[debug] [2023-07-20T07:13:48.942Z] <<< [apiv2][status] GET https://storage.googleapis.com/firebase-preview-drop/emulator/ui-v1.11.7.zip 200
[debug] [2023-07-20T07:13:48.942Z] <<< [apiv2][body] GET https://storage.googleapis.com/firebase-preview-drop/emulator/ui-v1.11.7.zip [stream]
[debug] [2023-07-20T07:13:51.558Z] Data is 3064105
[debug] [2023-07-20T07:13:51.558Z] [unzip] Entry: client/ (compressed_size=0 bytes, uncompressed_size=0 bytes)
[debug] [2023-07-20T07:13:51.558Z] [unzip] Processing entry: client\
[debug] [2023-07-20T07:13:51.558Z] [unzip] mkdir: C:\Users\pwshe\.cache\firebase\emulators\ui-v1.11.7\client\
[debug] [2023-07-20T07:13:51.559Z] [unzip] Entry: client/favicon.ico (compressed_size=2497 bytes, uncompressed_size=7406 bytes)
[debug] [2023-07-20T07:13:51.559Z] [unzip] Processing entry: client\favicon.ico
[debug] [2023-07-20T07:13:51.559Z] [unzip] else mkdir: C:\Users\pwshe\.cache\firebase\emulators\ui-v1.11.7\client
[debug] [2023-07-20T07:13:51.559Z] [unzip] deflating: C:\Users\pwshe\.cache\firebase\emulators\ui-v1.11.7\client\favicon.ico
[debug] [2023-07-20T07:13:51.563Z] [unzip] Entry: client/apple-touch-icon.png (compressed_size=7231 bytes, uncompressed_size=7367 bytes)
[debug] [2023-07-20T07:13:51.564Z] [unzip] Processing entry: client\apple-touch-icon.png
[debug] [2023-07-20T07:13:51.564Z] [unzip] else mkdir: C:\Users\pwshe\.cache\firebase\emulators\ui-v1.11.7\client
[debug] [2023-07-20T07:13:51.564Z] [unzip] deflating: C:\Users\pwshe\.cache\firebase\emulators\ui-v1.11.7\client\apple-touch-icon.png
[debug] [2023-07-20T07:13:51.566Z] [unzip] Entry: client/android-chrome-512x512.png (compressed_size=16987 bytes, uncompressed_size=18186 bytes)
[debug] [2023-07-20T07:13:51.566Z] [unzip] Processing entry: client\android-chrome-512x512.png
[debug] [2023-07-20T07:13:51.566Z] [unzip] else mkdir: C:\Users\pwshe\.cache\firebase\emulators\ui-v1.11.7\client
[debug] [2023-07-20T07:13:51.567Z] [unzip] deflating: C:\Users\pwshe\.cache\firebase\emulators\ui-v1.11.7\client\android-chrome-512x512.png
[debug] [2023-07-20T07:13:51.569Z] [unzip] Entry: client/assets/ (compressed_size=0 bytes, uncompressed_size=0 bytes)
[debug] [2023-07-20T07:13:51.569Z] [unzip] Processing entry: client\assets\
[debug] [2023-07-20T07:13:51.569Z] [unzip] mkdir: C:\Users\pwshe\.cache\firebase\emulators\ui-v1.11.7\client\assets\
[debug] [2023-07-20T07:13:51.570Z] [unzip] Entry: client/assets/extensions/ (compressed_size=0 bytes, uncompressed_size=0 bytes)
[debug] [2023-07-20T07:13:51.570Z] [unzip] Processing entry: client\assets\extensions\
[debug] [2023-07-20T07:13:51.570Z] [unzip] mkdir: C:\Users\pwshe\.cache\firebase\emulators\ui-v1.11.7\client\assets\extensions\
[debug] [2023-07-20T07:13:51.570Z] [unzip] Entry: client/assets/extensions/default-extension.png (compressed_size=1646 bytes, uncompressed_size=1657 bytes)
[debug] [2023-07-20T07:13:51.570Z] [unzip] Processing entry: client\assets\extensions\default-extension.png
[debug] [2023-07-20T07:13:51.570Z] [unzip] else mkdir: C:\Users\pwshe\.cache\firebase\emulators\ui-v1.11.7\client\assets\extensions
[debug] [2023-07-20T07:13:51.570Z] [unzip] deflating: C:\Users\pwshe\.cache\firebase\emulators\ui-v1.11.7\client\assets\extensions\default-extension.png
[debug] [2023-07-20T07:13:51.572Z] [unzip] Entry: client/assets/index.58ca09f7.css (compressed_size=37601 bytes, uncompressed_size=321252 bytes)
[debug] [2023-07-20T07:13:51.572Z] [unzip] Processing entry: client\assets\index.58ca09f7.css
[debug] [2023-07-20T07:13:51.572Z] [unzip] else mkdir: C:\Users\pwshe\.cache\firebase\emulators\ui-v1.11.7\client\assets
[debug] [2023-07-20T07:13:51.573Z] [unzip] deflating: C:\Users\pwshe\.cache\firebase\emulators\ui-v1.11.7\client\assets\index.58ca09f7.css
[debug] [2023-07-20T07:13:51.575Z] [unzip] Entry: client/assets/index.c2583d42.js (compressed_size=526232 bytes, uncompressed_size=1860152 bytes)
[debug] [2023-07-20T07:13:51.576Z] [unzip] Processing entry: client\assets\index.c2583d42.js
[debug] [2023-07-20T07:13:51.576Z] [unzip] else mkdir: C:\Users\pwshe\.cache\firebase\emulators\ui-v1.11.7\client\assets
[debug] [2023-07-20T07:13:51.576Z] [unzip] deflating: C:\Users\pwshe\.cache\firebase\emulators\ui-v1.11.7\client\assets\index.c2583d42.js
[debug] [2023-07-20T07:13:51.592Z] [unzip] Entry: client/assets/provider-icons/ (compressed_size=0 bytes, uncompressed_size=0 bytes)
[debug] [2023-07-20T07:13:51.593Z] [unzip] Processing entry: client\assets\provider-icons\
[debug] [2023-07-20T07:13:51.593Z] [unzip] mkdir: C:\Users\pwshe\.cache\firebase\emulators\ui-v1.11.7\client\assets\provider-icons\
[debug] [2023-07-20T07:13:51.593Z] [unzip] Entry: client/assets/provider-icons/auth_service_oidc.svg (compressed_size=414 bytes, uncompressed_size=858 bytes)
[debug] [2023-07-20T07:13:51.593Z] [unzip] Processing entry: client\assets\provider-icons\auth_service_oidc.svg
[debug] [2023-07-20T07:13:51.593Z] [unzip] else mkdir: C:\Users\pwshe\.cache\firebase\emulators\ui-v1.11.7\client\assets\provider-icons
[debug] [2023-07-20T07:13:51.594Z] [unzip] deflating: C:\Users\pwshe\.cache\firebase\emulators\ui-v1.11.7\client\assets\provider-icons\auth_service_oidc.svg
[debug] [2023-07-20T07:13:51.595Z] [unzip] Entry: client/assets/provider-icons/auth_service_yahoo.svg (compressed_size=577 bytes, uncompressed_size=1182 bytes)
[debug] [2023-07-20T07:13:51.595Z] [unzip] Processing entry: client\assets\provider-icons\auth_service_yahoo.svg
[debug] [2023-07-20T07:13:51.595Z] [unzip] else mkdir: C:\Users\pwshe\.cache\firebase\emulators\ui-v1.11.7\client\assets\provider-icons
[debug] [2023-07-20T07:13:51.596Z] [unzip] deflating: C:\Users\pwshe\.cache\firebase\emulators\ui-v1.11.7\client\assets\provider-icons\auth_service_yahoo.svg
[debug] [2023-07-20T07:13:51.597Z] [unzip] Entry: client/assets/provider-icons/auth_service_phone.svg (compressed_size=261 bytes, uncompressed_size=414 bytes)
[debug] [2023-07-20T07:13:51.597Z] [unzip] Processing entry: client\assets\provider-icons\auth_service_phone.svg
[debug] [2023-07-20T07:13:51.597Z] [unzip] else mkdir: C:\Users\pwshe\.cache\firebase\emulators\ui-v1.11.7\client\assets\provider-icons
[debug] [2023-07-20T07:13:51.598Z] [unzip] deflating: C:\Users\pwshe\.cache\firebase\emulators\ui-v1.11.7\client\assets\provider-icons\auth_service_phone.svg
[debug] [2023-07-20T07:13:51.600Z] [unzip] Entry: client/assets/provider-icons/auth_service_saml.svg (compressed_size=575 bytes, uncompressed_size=1226 bytes)
[debug] [2023-07-20T07:13:51.600Z] [unzip] Processing entry: client\assets\provider-icons\auth_service_saml.svg
[debug] [2023-07-20T07:13:51.600Z] [unzip] else mkdir: C:\Users\pwshe\.cache\firebase\emulators\ui-v1.11.7\client\assets\provider-icons
[debug] [2023-07-20T07:13:51.601Z] [unzip] deflating: C:\Users\pwshe\.cache\firebase\emulators\ui-v1.11.7\client\assets\provider-icons\auth_service_saml.svg
[debug] [2023-07-20T07:13:51.602Z] [unzip] Entry: client/assets/provider-icons/auth_service_mslive.svg (compressed_size=203 bytes, uncompressed_size=378 bytes)
[debug] [2023-07-20T07:13:51.602Z] [unzip] Processing entry: client\assets\provider-icons\auth_service_mslive.svg
[debug] [2023-07-20T07:13:51.602Z] [unzip] else mkdir: C:\Users\pwshe\.cache\firebase\emulators\ui-v1.11.7\client\assets\provider-icons
[debug] [2023-07-20T07:13:51.603Z] [unzip] deflating: C:\Users\pwshe\.cache\firebase\emulators\ui-v1.11.7\client\assets\provider-icons\auth_service_mslive.svg
[debug] [2023-07-20T07:13:51.605Z] [unzip] Entry: client/assets/provider-icons/auth_service_facebook.svg (compressed_size=289 bytes, uncompressed_size=457 bytes)
[debug] [2023-07-20T07:13:51.605Z] [unzip] Processing entry: client\assets\provider-icons\auth_service_facebook.svg
[debug] [2023-07-20T07:13:51.605Z] [unzip] else mkdir: C:\Users\pwshe\.cache\firebase\emulators\ui-v1.11.7\client\assets\provider-icons
[debug] [2023-07-20T07:13:51.605Z] [unzip] deflating: C:\Users\pwshe\.cache\firebase\emulators\ui-v1.11.7\client\assets\provider-icons\auth_service_facebook.svg
[debug] [2023-07-20T07:13:51.608Z] [unzip] Entry: client/assets/provider-icons/auth_service_play_games.svg (compressed_size=565 bytes, uncompressed_size=1173 bytes)
[debug] [2023-07-20T07:13:51.608Z] [unzip] Processing entry: client\assets\provider-icons\auth_service_play_games.svg
[debug] [2023-07-20T07:13:51.608Z] [unzip] else mkdir: C:\Users\pwshe\.cache\firebase\emulators\ui-v1.11.7\client\assets\provider-icons
[debug] [2023-07-20T07:13:51.609Z] [unzip] deflating: C:\Users\pwshe\.cache\firebase\emulators\ui-v1.11.7\client\assets\provider-icons\auth_service_play_games.svg
[debug] [2023-07-20T07:13:51.610Z] [unzip] Entry: client/assets/provider-icons/auth_service_github.svg (compressed_size=466 bytes, uncompressed_size=838 bytes)
[debug] [2023-07-20T07:13:51.610Z] [unzip] Processing entry: client\assets\provider-icons\auth_service_github.svg
[debug] [2023-07-20T07:13:51.611Z] [unzip] else mkdir: C:\Users\pwshe\.cache\firebase\emulators\ui-v1.11.7\client\assets\provider-icons
[debug] [2023-07-20T07:13:51.611Z] [unzip] deflating: C:\Users\pwshe\.cache\firebase\emulators\ui-v1.11.7\client\assets\provider-icons\auth_service_github.svg
[debug] [2023-07-20T07:13:51.614Z] [unzip] Entry: client/assets/provider-icons/auth_service_apple.svg (compressed_size=230 bytes, uncompressed_size=334 bytes)
[debug] [2023-07-20T07:13:51.615Z] [unzip] Processing entry: client\assets\provider-icons\auth_service_apple.svg
[debug] [2023-07-20T07:13:51.615Z] [unzip] else mkdir: C:\Users\pwshe\.cache\firebase\emulators\ui-v1.11.7\client\assets\provider-icons
[debug] [2023-07-20T07:13:51.615Z] [unzip] deflating: C:\Users\pwshe\.cache\firebase\emulators\ui-v1.11.7\client\assets\provider-icons\auth_service_apple.svg
[debug] [2023-07-20T07:13:51.618Z] [unzip] Entry: client/assets/provider-icons/auth_service_google.svg (compressed_size=409 bytes, uncompressed_size=720 bytes)
[debug] [2023-07-20T07:13:51.618Z] [unzip] Processing entry: client\assets\provider-icons\auth_service_google.svg
[debug] [2023-07-20T07:13:51.618Z] [unzip] else mkdir: C:\Users\pwshe\.cache\firebase\emulators\ui-v1.11.7\client\assets\provider-icons
[debug] [2023-07-20T07:13:51.618Z] [unzip] deflating: C:\Users\pwshe\.cache\firebase\emulators\ui-v1.11.7\client\assets\provider-icons\auth_service_google.svg
[debug] [2023-07-20T07:13:51.621Z] [unzip] Entry: client/assets/provider-icons/auth_service_email.svg (compressed_size=228 bytes, uncompressed_size=326 bytes)
[debug] [2023-07-20T07:13:51.621Z] [unzip] Processing entry: client\assets\provider-icons\auth_service_email.svg
[debug] [2023-07-20T07:13:51.621Z] [unzip] else mkdir: C:\Users\pwshe\.cache\firebase\emulators\ui-v1.11.7\client\assets\provider-icons
[debug] [2023-07-20T07:13:51.623Z] [unzip] deflating: C:\Users\pwshe\.cache\firebase\emulators\ui-v1.11.7\client\assets\provider-icons\auth_service_email.svg
[debug] [2023-07-20T07:13:51.626Z] [unzip] Entry: client/assets/provider-icons/auth_service_twitter.svg (compressed_size=444 bytes, uncompressed_size=751 bytes)
[debug] [2023-07-20T07:13:51.626Z] [unzip] Processing entry: client\assets\provider-icons\auth_service_twitter.svg
[debug] [2023-07-20T07:13:51.626Z] [unzip] else mkdir: C:\Users\pwshe\.cache\firebase\emulators\ui-v1.11.7\client\assets\provider-icons
[debug] [2023-07-20T07:13:51.627Z] [unzip] deflating: C:\Users\pwshe\.cache\firebase\emulators\ui-v1.11.7\client\assets\provider-icons\auth_service_twitter.svg
[debug] [2023-07-20T07:13:51.629Z] [unzip] Entry: client/assets/provider-icons/auth_service_game_center.svg (compressed_size=991 bytes, uncompressed_size=3921 bytes)
[debug] [2023-07-20T07:13:51.629Z] [unzip] Processing entry: client\assets\provider-icons\auth_service_game_center.svg
[debug] [2023-07-20T07:13:51.629Z] [unzip] else mkdir: C:\Users\pwshe\.cache\firebase\emulators\ui-v1.11.7\client\assets\provider-icons
[debug] [2023-07-20T07:13:51.631Z] [unzip] deflating: C:\Users\pwshe\.cache\firebase\emulators\ui-v1.11.7\client\assets\provider-icons\auth_service_game_center.svg
[debug] [2023-07-20T07:13:51.634Z] [unzip] Entry: client/assets/index.c2583d42.js.map (compressed_size=1778557 bytes, uncompressed_size=7961927 bytes)
[debug] [2023-07-20T07:13:51.634Z] [unzip] Processing entry: client\assets\index.c2583d42.js.map
[debug] [2023-07-20T07:13:51.634Z] [unzip] else mkdir: C:\Users\pwshe\.cache\firebase\emulators\ui-v1.11.7\client\assets
[debug] [2023-07-20T07:13:51.634Z] [unzip] deflating: C:\Users\pwshe\.cache\firebase\emulators\ui-v1.11.7\client\assets\index.c2583d42.js.map
[debug] [2023-07-20T07:13:51.681Z] [unzip] Entry: client/assets/img/ (compressed_size=0 bytes, uncompressed_size=0 bytes)
[debug] [2023-07-20T07:13:51.681Z] [unzip] Processing entry: client\assets\img\
[debug] [2023-07-20T07:13:51.681Z] [unzip] mkdir: C:\Users\pwshe\.cache\firebase\emulators\ui-v1.11.7\client\assets\img\
[debug] [2023-07-20T07:13:51.682Z] [unzip] Entry: client/assets/img/database.png (compressed_size=29449 bytes, uncompressed_size=29988 bytes)
[debug] [2023-07-20T07:13:51.682Z] [unzip] Processing entry: client\assets\img\database.png
[debug] [2023-07-20T07:13:51.682Z] [unzip] else mkdir: C:\Users\pwshe\.cache\firebase\emulators\ui-v1.11.7\client\assets\img
[debug] [2023-07-20T07:13:51.682Z] [unzip] deflating: C:\Users\pwshe\.cache\firebase\emulators\ui-v1.11.7\client\assets\img\database.png
[debug] [2023-07-20T07:13:51.712Z] [unzip] Entry: client/safari-pinned-tab.svg (compressed_size=838 bytes, uncompressed_size=1504 bytes)
[debug] [2023-07-20T07:13:51.715Z] [unzip] Processing entry: client\safari-pinned-tab.svg
[debug] [2023-07-20T07:13:51.715Z] [unzip] else mkdir: C:\Users\pwshe\.cache\firebase\emulators\ui-v1.11.7\client
[debug] [2023-07-20T07:13:51.716Z] [unzip] deflating: C:\Users\pwshe\.cache\firebase\emulators\ui-v1.11.7\client\safari-pinned-tab.svg
[debug] [2023-07-20T07:13:51.720Z] [unzip] Entry: client/mstile-150x150.png (compressed_size=5406 bytes, uncompressed_size=5723 bytes)
[debug] [2023-07-20T07:13:51.720Z] [unzip] Processing entry: client\mstile-150x150.png
[debug] [2023-07-20T07:13:51.720Z] [unzip] else mkdir: C:\Users\pwshe\.cache\firebase\emulators\ui-v1.11.7\client
[debug] [2023-07-20T07:13:51.720Z] [unzip] deflating: C:\Users\pwshe\.cache\firebase\emulators\ui-v1.11.7\client\mstile-150x150.png
[debug] [2023-07-20T07:13:51.722Z] [unzip] Entry: client/browserconfig.xml (compressed_size=491 bytes, uncompressed_size=822 bytes)
[debug] [2023-07-20T07:13:51.722Z] [unzip] Processing entry: client\browserconfig.xml
[debug] [2023-07-20T07:13:51.722Z] [unzip] else mkdir: C:\Users\pwshe\.cache\firebase\emulators\ui-v1.11.7\client
[debug] [2023-07-20T07:13:51.722Z] [unzip] deflating: C:\Users\pwshe\.cache\firebase\emulators\ui-v1.11.7\client\browserconfig.xml
[debug] [2023-07-20T07:13:51.723Z] [unzip] Entry: client/robots.txt (compressed_size=26 bytes, uncompressed_size=26 bytes)
[debug] [2023-07-20T07:13:51.723Z] [unzip] Processing entry: client\robots.txt
[debug] [2023-07-20T07:13:51.723Z] [unzip] else mkdir: C:\Users\pwshe\.cache\firebase\emulators\ui-v1.11.7\client
[debug] [2023-07-20T07:13:51.724Z] [unzip] Writing file: C:\Users\pwshe\.cache\firebase\emulators\ui-v1.11.7\client\robots.txt
[debug] [2023-07-20T07:13:51.725Z] [unzip] Entry: client/index.html (compressed_size=1363 bytes, uncompressed_size=3064 bytes)
[debug] [2023-07-20T07:13:51.725Z] [unzip] Processing entry: client\index.html
[debug] [2023-07-20T07:13:51.725Z] [unzip] else mkdir: C:\Users\pwshe\.cache\firebase\emulators\ui-v1.11.7\client
[debug] [2023-07-20T07:13:51.726Z] [unzip] deflating: C:\Users\pwshe\.cache\firebase\emulators\ui-v1.11.7\client\index.html
[debug] [2023-07-20T07:13:51.727Z] [unzip] Entry: client/favicon-16x16.png (compressed_size=757 bytes, uncompressed_size=777 bytes)
[debug] [2023-07-20T07:13:51.727Z] [unzip] Processing entry: client\favicon-16x16.png
[debug] [2023-07-20T07:13:51.727Z] [unzip] else mkdir: C:\Users\pwshe\.cache\firebase\emulators\ui-v1.11.7\client
[debug] [2023-07-20T07:13:51.728Z] [unzip] deflating: C:\Users\pwshe\.cache\firebase\emulators\ui-v1.11.7\client\favicon-16x16.png
[debug] [2023-07-20T07:13:51.729Z] [unzip] Entry: client/manifest.json (compressed_size=246 bytes, uncompressed_size=551 bytes)
[debug] [2023-07-20T07:13:51.730Z] [unzip] Processing entry: client\manifest.json
[debug] [2023-07-20T07:13:51.730Z] [unzip] else mkdir: C:\Users\pwshe\.cache\firebase\emulators\ui-v1.11.7\client
[debug] [2023-07-20T07:13:51.731Z] [unzip] deflating: C:\Users\pwshe\.cache\firebase\emulators\ui-v1.11.7\client\manifest.json
[debug] [2023-07-20T07:13:51.734Z] [unzip] Entry: client/favicon-32x32.png (compressed_size=1175 bytes, uncompressed_size=1175 bytes)
[debug] [2023-07-20T07:13:51.734Z] [unzip] Processing entry: client\favicon-32x32.png
[debug] [2023-07-20T07:13:51.734Z] [unzip] else mkdir: C:\Users\pwshe\.cache\firebase\emulators\ui-v1.11.7\client
[debug] [2023-07-20T07:13:51.734Z] [unzip] Writing file: C:\Users\pwshe\.cache\firebase\emulators\ui-v1.11.7\client\favicon-32x32.png
[debug] [2023-07-20T07:13:51.739Z] [unzip] Entry: client/android-chrome-192x192.png (compressed_size=7602 bytes, uncompressed_size=7834 bytes)
[debug] [2023-07-20T07:13:51.739Z] [unzip] Processing entry: client\android-chrome-192x192.png
[debug] [2023-07-20T07:13:51.739Z] [unzip] else mkdir: C:\Users\pwshe\.cache\firebase\emulators\ui-v1.11.7\client
[debug] [2023-07-20T07:13:51.740Z] [unzip] deflating: C:\Users\pwshe\.cache\firebase\emulators\ui-v1.11.7\client\android-chrome-192x192.png
[debug] [2023-07-20T07:13:51.742Z] [unzip] Entry: server/ (compressed_size=0 bytes, uncompressed_size=0 bytes)
[debug] [2023-07-20T07:13:51.742Z] [unzip] Processing entry: server\
[debug] [2023-07-20T07:13:51.742Z] [unzip] mkdir: C:\Users\pwshe\.cache\firebase\emulators\ui-v1.11.7\server\
[debug] [2023-07-20T07:13:51.743Z] [unzip] Entry: server/server.js (compressed_size=343746 bytes, uncompressed_size=1346374 bytes)
[debug] [2023-07-20T07:13:51.743Z] [unzip] Processing entry: server\server.js
[debug] [2023-07-20T07:13:51.743Z] [unzip] else mkdir: C:\Users\pwshe\.cache\firebase\emulators\ui-v1.11.7\server
[debug] [2023-07-20T07:13:51.743Z] [unzip] deflating: C:\Users\pwshe\.cache\firebase\emulators\ui-v1.11.7\server\server.js
[debug] [2023-07-20T07:13:51.756Z] [unzip] Entry: server/server.js.map (compressed_size=289157 bytes, uncompressed_size=1325651 bytes)
[debug] [2023-07-20T07:13:51.756Z] [unzip] Processing entry: server\server.js.map
[debug] [2023-07-20T07:13:51.756Z] [unzip] else mkdir: C:\Users\pwshe\.cache\firebase\emulators\ui-v1.11.7\server
[debug] [2023-07-20T07:13:51.756Z] [unzip] deflating: C:\Users\pwshe\.cache\firebase\emulators\ui-v1.11.7\server\server.js.map
[debug] [2023-07-20T07:13:51.767Z] Ignoring unsupported arg: auto_download {"metadata":{"emulator":{"name":"ui"},"message":"Ignoring unsupported arg: auto_download"}}
[debug] [2023-07-20T07:13:51.767Z] Ignoring unsupported arg: port {"metadata":{"emulator":{"name":"ui"},"message":"Ignoring unsupported arg: port"}}
[debug] [2023-07-20T07:13:51.767Z] Starting Emulator UI with command {"binary":"node","args":["C:\\Users\\pwshe\\.cache\\firebase\\emulators\\ui-v1.11.7\\server\\server.js"],"optionalArgs":[],"joinArgs":false} {"metadata":{"emulator":{"name":"ui"},"message":"Starting Emulator UI with command {\"binary\":\"node\",\"args\":[\"C:\\\\Users\\\\pwshe\\\\.cache\\\\firebase\\\\emulators\\\\ui-v1.11.7\\\\server\\\\server.js\"],\"optionalArgs\":[],\"joinArgs\":false}"}}
[info] i  ui: Emulator UI logging to ui-debug.log {"metadata":{"emulator":{"name":"ui"},"message":"Emulator UI logging to \u001b[1mui-debug.log\u001b[22m"}}
[debug] [2023-07-20T07:13:52.186Z] Web / API server started at 127.0.0.1:4000
 {"metadata":{"emulator":{"name":"ui"},"message":"Web / API server started at 127.0.0.1:4000\n"}}
[debug] [2023-07-20T07:13:52.186Z] Web / API server started at ::1:4000
 {"metadata":{"emulator":{"name":"ui"},"message":"Web / API server started at ::1:4000\n"}}
[info] i  functions: Watching "C:\Users\pwshe\Documents\exmo\EXMO-AdminPanel\functions" for Cloud Functions... {"metadata":{"emulator":{"name":"functions"},"message":"Watching \"C:\\Users\\pwshe\\Documents\\exmo\\EXMO-AdminPanel\\functions\" for Cloud Functions..."}}
[debug] [2023-07-20T07:13:52.316Z] Validating nodejs source
[debug] [2023-07-20T07:13:55.242Z] > [functions] package.json contents: {
  "name": "functions",
  "description": "Cloud Functions for Firebase",
  "scripts": {
    "serve": "firebase emulators:start --only functions",
    "shell": "firebase functions:shell",
    "start": "npm run shell",
    "deploy": "firebase deploy --only functions",
    "logs": "firebase functions:log"
  },
  "engines": {
    "node": "18"
  },
  "main": "index.js",
  "dependencies": {
    "firebase-admin": "^11.8.0",
    "firebase-functions": "^4.3.1"
  },
  "devDependencies": {
    "firebase-functions-test": "^3.1.0"
  },
  "private": true
}
[debug] [2023-07-20T07:13:55.242Z] Building nodejs source
[debug] [2023-07-20T07:13:55.242Z] Failed to find version of module node: reached end of search path C:\Users\pwshe\Documents\exmo\EXMO-AdminPanel\functions\node_modules
[info] +  functions: Using node@18 from host. 
[debug] [2023-07-20T07:13:55.245Z] Could not find functions.yaml. Must use http discovery
[debug] [2023-07-20T07:13:55.255Z] Found firebase-functions binary at 'C:\Users\pwshe\Documents\exmo\EXMO-AdminPanel\functions\node_modules\.bin\firebase-functions'
[info] Serving at port 8170

[debug] [2023-07-20T07:14:00.769Z] Got response from /__/functions.yaml {"endpoints":{"sendNotificationToAll":{"availableMemoryMb":null,"timeoutSeconds":null,"minInstances":null,"maxInstances":null,"ingressSettings":null,"concurrency":null,"serviceAccountEmail":null,"vpc":null,"platform":"gcfv2","labels":{},"httpsTrigger":{},"entryPoint":"sendNotificationToAll"}},"specVersion":"v1alpha1","requiredAPIs":[]}
[info] shutdown requested via /__/quitquitquit

[info] +  functions: Loaded functions definitions from source: sendNotificationToAll. {"metadata":{"emulator":{"name":"functions"},"message":"Loaded functions definitions from source: sendNotificationToAll."}}
[info] +  functions[us-central1-sendNotificationToAll]: http function initialized (http://127.0.0.1:5001/exmo2023/us-central1/sendNotificationToAll). {"metadata":{"emulator":{"name":"functions"},"message":"\u001b[1mhttp\u001b[22m function initialized (http://127.0.0.1:5001/exmo2023/us-central1/sendNotificationToAll)."}}
[info] 
┌─────────────────────────────────────────────────────────────┐
│ ✔  All emulators ready! It is now safe to connect your app. │
│ i  View Emulator UI at http://127.0.0.1:4000/               │
└─────────────────────────────────────────────────────────────┘

┌───────────┬────────────────┬─────────────────────────────────┐
│ Emulator  │ Host:Port      │ View in Emulator UI             │
├───────────┼────────────────┼─────────────────────────────────┤
│ Functions │ 127.0.0.1:5001 │ http://127.0.0.1:4000/functions │
└───────────┴────────────────┴─────────────────────────────────┘
  Emulator Hub running at 127.0.0.1:4400
  Other reserved ports: 4500

Issues? Report them at https://github.com/firebase/firebase-tools/issues and attach the *-debug.log files.
 
[debug] [2023-07-20T07:19:03.590Z] [work-queue] {"queuedWork":["/exmo2023/us-central1/sendNotificationToAll-2023-07-20T07:19:03.590Z"],"queueLength":1,"runningWork":[],"workRunningCount":0}
[debug] [2023-07-20T07:19:03.591Z] [work-queue] {"queuedWork":[],"queueLength":0,"runningWork":["/exmo2023/us-central1/sendNotificationToAll-2023-07-20T07:19:03.590Z"],"workRunningCount":1}
[debug] [2023-07-20T07:19:03.592Z] Accepted request POST /exmo2023/us-central1/sendNotificationToAll --> us-central1-sendNotificationToAll
[debug] [2023-07-20T07:19:03.598Z] [functions] Runtime ready! Sending request! {"metadata":{"emulator":{"name":"functions"},"message":"[functions] Runtime ready! Sending request!"}}
[debug] [2023-07-20T07:19:03.600Z] [functions] Got req.url=/exmo2023/us-central1/sendNotificationToAll, mapping to path=/ {"metadata":{"emulator":{"name":"functions"},"message":"[functions] Got req.url=/exmo2023/us-central1/sendNotificationToAll, mapping to path=/"}}
[debug] [2023-07-20T07:19:03.618Z] [worker-pool] addWorker(us-central1-sendNotificationToAll) {"metadata":{"emulator":{"name":"functions"},"message":"[worker-pool] addWorker(us-central1-sendNotificationToAll)"}}
[debug] [2023-07-20T07:19:03.619Z] [worker-pool] Adding worker with key us-central1-sendNotificationToAll, total=1 {"metadata":{"emulator":{"name":"functions"},"message":"[worker-pool] Adding worker with key us-central1-sendNotificationToAll, total=1"}}
[debug] [2023-07-20T07:19:05.202Z] [runtime-status] [38856] Resolved module firebase-admin {"declared":true,"installed":true,"version":"11.10.1","resolution":"C:\\Users\\pwshe\\Documents\\exmo\\EXMO-AdminPanel\\functions\\node_modules\\firebase-admin\\lib\\index.js"} {"metadata":{"emulator":{"name":"functions"},"function":{"name":"us-central1-sendNotificationToAll"},"extension":{},"message":"[runtime-status] [38856] Resolved module firebase-admin {\"declared\":true,\"installed\":true,\"version\":\"11.10.1\",\"resolution\":\"C:\\\\Users\\\\pwshe\\\\Documents\\\\exmo\\\\EXMO-AdminPanel\\\\functions\\\\node_modules\\\\firebase-admin\\\\lib\\\\index.js\"}"}}
[debug] [2023-07-20T07:19:05.203Z] [runtime-status] [38856] Resolved module firebase-functions {"declared":true,"installed":true,"version":"4.4.1","resolution":"C:\\Users\\pwshe\\Documents\\exmo\\EXMO-AdminPanel\\functions\\node_modules\\firebase-functions\\lib\\v1\\index.js"} {"metadata":{"emulator":{"name":"functions"},"function":{"name":"us-central1-sendNotificationToAll"},"extension":{},"message":"[runtime-status] [38856] Resolved module firebase-functions {\"declared\":true,\"installed\":true,\"version\":\"4.4.1\",\"resolution\":\"C:\\\\Users\\\\pwshe\\\\Documents\\\\exmo\\\\EXMO-AdminPanel\\\\functions\\\\node_modules\\\\firebase-functions\\\\lib\\\\v1\\\\index.js\"}"}}
[debug] [2023-07-20T07:19:05.204Z] [runtime-status] [38856] Outgoing network have been stubbed. [{"name":"http","status":"mocked"},{"name":"http","status":"mocked"},{"name":"https","status":"mocked"},{"name":"https","status":"mocked"},{"name":"net","status":"mocked"}] {"metadata":{"emulator":{"name":"functions"},"function":{"name":"us-central1-sendNotificationToAll"},"extension":{},"message":"[runtime-status] [38856] Outgoing network have been stubbed. [{\"name\":\"http\",\"status\":\"mocked\"},{\"name\":\"http\",\"status\":\"mocked\"},{\"name\":\"https\",\"status\":\"mocked\"},{\"name\":\"https\",\"status\":\"mocked\"},{\"name\":\"net\",\"status\":\"mocked\"}]"}}
[debug] [2023-07-20T07:19:05.205Z] [runtime-status] [38856] Resolved module firebase-functions {"declared":true,"installed":true,"version":"4.4.1","resolution":"C:\\Users\\pwshe\\Documents\\exmo\\EXMO-AdminPanel\\functions\\node_modules\\firebase-functions\\lib\\v1\\index.js"} {"metadata":{"emulator":{"name":"functions"},"function":{"name":"us-central1-sendNotificationToAll"},"extension":{},"message":"[runtime-status] [38856] Resolved module firebase-functions {\"declared\":true,\"installed\":true,\"version\":\"4.4.1\",\"resolution\":\"C:\\\\Users\\\\pwshe\\\\Documents\\\\exmo\\\\EXMO-AdminPanel\\\\functions\\\\node_modules\\\\firebase-functions\\\\lib\\\\v1\\\\index.js\"}"}}
[debug] [2023-07-20T07:19:06.967Z] [runtime-status] [38856] Checked functions.config() {"config":{}} {"metadata":{"emulator":{"name":"functions"},"function":{"name":"us-central1-sendNotificationToAll"},"extension":{},"message":"[runtime-status] [38856] Checked functions.config() {\"config\":{}}"}}
[debug] [2023-07-20T07:19:06.967Z] [runtime-status] [38856] firebase-functions has been stubbed. {"functionsResolution":{"declared":true,"installed":true,"version":"4.4.1","resolution":"C:\\Users\\pwshe\\Documents\\exmo\\EXMO-AdminPanel\\functions\\node_modules\\firebase-functions\\lib\\v1\\index.js"}} {"metadata":{"emulator":{"name":"functions"},"function":{"name":"us-central1-sendNotificationToAll"},"extension":{},"message":"[runtime-status] [38856] firebase-functions has been stubbed. {\"functionsResolution\":{\"declared\":true,\"installed\":true,\"version\":\"4.4.1\",\"resolution\":\"C:\\\\Users\\\\pwshe\\\\Documents\\\\exmo\\\\EXMO-AdminPanel\\\\functions\\\\node_modules\\\\firebase-functions\\\\lib\\\\v1\\\\index.js\"}}"}}
[debug] [2023-07-20T07:19:06.968Z] [runtime-status] [38856] Resolved module firebase-functions {"declared":true,"installed":true,"version":"4.4.1","resolution":"C:\\Users\\pwshe\\Documents\\exmo\\EXMO-AdminPanel\\functions\\node_modules\\firebase-functions\\lib\\v1\\index.js"} {"metadata":{"emulator":{"name":"functions"},"function":{"name":"us-central1-sendNotificationToAll"},"extension":{},"message":"[runtime-status] [38856] Resolved module firebase-functions {\"declared\":true,\"installed\":true,\"version\":\"4.4.1\",\"resolution\":\"C:\\\\Users\\\\pwshe\\\\Documents\\\\exmo\\\\EXMO-AdminPanel\\\\functions\\\\node_modules\\\\firebase-functions\\\\lib\\\\v1\\\\index.js\"}"}}
[debug] [2023-07-20T07:19:06.970Z] [runtime-status] [38856] Resolved module firebase-admin {"declared":true,"installed":true,"version":"11.10.1","resolution":"C:\\Users\\pwshe\\Documents\\exmo\\EXMO-AdminPanel\\functions\\node_modules\\firebase-admin\\lib\\index.js"} {"metadata":{"emulator":{"name":"functions"},"function":{"name":"us-central1-sendNotificationToAll"},"extension":{},"message":"[runtime-status] [38856] Resolved module firebase-admin {\"declared\":true,\"installed\":true,\"version\":\"11.10.1\",\"resolution\":\"C:\\\\Users\\\\pwshe\\\\Documents\\\\exmo\\\\EXMO-AdminPanel\\\\functions\\\\node_modules\\\\firebase-admin\\\\lib\\\\index.js\"}"}}
[debug] [2023-07-20T07:19:06.972Z] [runtime-status] [38856] Resolved module firebase-functions {"declared":true,"installed":true,"version":"4.4.1","resolution":"C:\\Users\\pwshe\\Documents\\exmo\\EXMO-AdminPanel\\functions\\node_modules\\firebase-functions\\lib\\v1\\index.js"} {"metadata":{"emulator":{"name":"functions"},"function":{"name":"us-central1-sendNotificationToAll"},"extension":{},"message":"[runtime-status] [38856] Resolved module firebase-functions {\"declared\":true,\"installed\":true,\"version\":\"4.4.1\",\"resolution\":\"C:\\\\Users\\\\pwshe\\\\Documents\\\\exmo\\\\EXMO-AdminPanel\\\\functions\\\\node_modules\\\\firebase-functions\\\\lib\\\\v1\\\\index.js\"}"}}
[debug] [2023-07-20T07:19:06.973Z] [runtime-status] [38856] firebase-admin has been stubbed. {"adminResolution":{"declared":true,"installed":true,"version":"11.10.1","resolution":"C:\\Users\\pwshe\\Documents\\exmo\\EXMO-AdminPanel\\functions\\node_modules\\firebase-admin\\lib\\index.js"}} {"metadata":{"emulator":{"name":"functions"},"function":{"name":"us-central1-sendNotificationToAll"},"extension":{},"message":"[runtime-status] [38856] firebase-admin has been stubbed. {\"adminResolution\":{\"declared\":true,\"installed\":true,\"version\":\"11.10.1\",\"resolution\":\"C:\\\\Users\\\\pwshe\\\\Documents\\\\exmo\\\\EXMO-AdminPanel\\\\functions\\\\node_modules\\\\firebase-admin\\\\lib\\\\index.js\"}}"}}
[debug] [2023-07-20T07:19:06.978Z] [runtime-status] [38856] initializeApp(DEFAULT) {"storageBucket":"exmo2023.appspot.com","projectId":"exmo2023"} {"metadata":{"emulator":{"name":"functions"},"function":{"name":"us-central1-sendNotificationToAll"},"extension":{},"message":"[runtime-status] [38856] initializeApp(DEFAULT) {\"storageBucket\":\"exmo2023.appspot.com\",\"projectId\":\"exmo2023\"}"}}
[debug] [2023-07-20T07:19:06.997Z] [runtime-status] [38856] Functions runtime initialized. {"cwd":"C:\\Users\\pwshe\\Documents\\exmo\\EXMO-AdminPanel\\functions","node_version":"18.16.1"} {"metadata":{"emulator":{"name":"functions"},"function":{"name":"us-central1-sendNotificationToAll"},"extension":{},"message":"[runtime-status] [38856] Functions runtime initialized. {\"cwd\":\"C:\\\\Users\\\\pwshe\\\\Documents\\\\exmo\\\\EXMO-AdminPanel\\\\functions\",\"node_version\":\"18.16.1\"}"}}
[debug] [2023-07-20T07:19:06.999Z] [runtime-status] [38856] Listening to port: \\?\pipe\fire_emu_0273d1e2009c40f3 {"metadata":{"emulator":{"name":"functions"},"function":{"name":"us-central1-sendNotificationToAll"},"extension":{},"message":"[runtime-status] [38856] Listening to port: \\\\?\\pipe\\fire_emu_0273d1e2009c40f3"}}
[debug] [2023-07-20T07:19:07.007Z] [worker-us-central1-sendNotificationToAll-5d308d4b-a582-4c52-a94e-a2d1654b3afa]: IDLE {"metadata":{"emulator":{"name":"functions"},"function":{"name":"us-central1-sendNotificationToAll"},"extension":{},"message":"[worker-us-central1-sendNotificationToAll-5d308d4b-a582-4c52-a94e-a2d1654b3afa]: IDLE"}}
[debug] [2023-07-20T07:19:07.008Z] [worker-pool] submitRequest(triggerId=us-central1-sendNotificationToAll) {"metadata":{"emulator":{"name":"functions"},"message":"[worker-pool] submitRequest(triggerId=us-central1-sendNotificationToAll)"}}
[info] i  functions: Beginning execution of "us-central1-sendNotificationToAll" {"metadata":{"emulator":{"name":"functions"},"function":{"name":"us-central1-sendNotificationToAll"},"extension":{},"message":"Beginning execution of \"us-central1-sendNotificationToAll\""}}
[debug] [2023-07-20T07:19:07.011Z] [worker-us-central1-sendNotificationToAll-5d308d4b-a582-4c52-a94e-a2d1654b3afa]: BUSY {"metadata":{"emulator":{"name":"functions"},"function":{"name":"us-central1-sendNotificationToAll"},"extension":{},"message":"[worker-us-central1-sendNotificationToAll-5d308d4b-a582-4c52-a94e-a2d1654b3afa]: BUSY"}}
[warn] !  functions: The Cloud Firestore emulator is not running, so calls to Firestore will affect production. {"metadata":{"emulator":{"name":"functions"},"function":{"name":"us-central1-sendNotificationToAll"},"extension":{},"message":"The Cloud Firestore emulator is not running, so calls to Firestore will affect production."}}
[warn] !  Google API requested!
   - URL: "https://oauth2.googleapis.com/token"
   - Be careful, this may be a production service. {"metadata":{"emulator":{"name":"functions"},"function":{"name":"us-central1-sendNotificationToAll"},"extension":{},"message":"Google API requested!\n   - URL: \"https://oauth2.googleapis.com/token\"\n   - Be careful, this may be a production service."}}
[info] >  No device tokens found. Skipping notification. {"user":"No device tokens found. Skipping notification.","metadata":{"emulator":{"name":"functions"},"function":{"name":"us-central1-sendNotificationToAll"},"extension":{},"message":"\u001b[90m> \u001b[39m No device tokens found. Skipping notification."}}
[debug] [2023-07-20T07:19:14.218Z] Finishing up request with event=pause {"metadata":{"emulator":{"name":"functions"},"function":{"name":"us-central1-sendNotificationToAll"},"extension":{},"message":"Finishing up request with event=pause"}}
[info] i  functions: Finished "us-central1-sendNotificationToAll" in 7207.7929ms {"metadata":{"emulator":{"name":"functions"},"function":{"name":"us-central1-sendNotificationToAll"},"extension":{},"message":"Finished \"us-central1-sendNotificationToAll\" in 7207.7929ms"}}
[debug] [2023-07-20T07:19:14.220Z] [worker-us-central1-sendNotificationToAll-5d308d4b-a582-4c52-a94e-a2d1654b3afa]: IDLE {"metadata":{"emulator":{"name":"functions"},"function":{"name":"us-central1-sendNotificationToAll"},"extension":{},"message":"[worker-us-central1-sendNotificationToAll-5d308d4b-a582-4c52-a94e-a2d1654b3afa]: IDLE"}}
[debug] [2023-07-20T07:19:14.221Z] Finishing up request with event=finish {"metadata":{"emulator":{"name":"functions"},"function":{"name":"us-central1-sendNotificationToAll"},"extension":{},"message":"Finishing up request with event=finish"}}
[debug] [2023-07-20T07:19:14.221Z] Finishing up request with event=close {"metadata":{"emulator":{"name":"functions"},"function":{"name":"us-central1-sendNotificationToAll"},"extension":{},"message":"Finishing up request with event=close"}}
[debug] [2023-07-20T07:19:14.221Z] [work-queue] {"queuedWork":[],"queueLength":0,"runningWork":[],"workRunningCount":0}
[warn] !  ui: Fatal error occurred: 
   Emulator UI has exited with code: 1073807364, 
   stopping all running emulators {"metadata":{"emulator":{"name":"ui"},"message":"Fatal error occurred: \n   Emulator UI has exited with code: 1073807364, \n   stopping all running emulators"}}
[info] i  ui: Stopping Emulator UI {"metadata":{"emulator":{"name":"ui"},"message":"Stopping Emulator UI"}}
[debug] [2023-07-20T09:15:12.780Z] [worker-us-central1-sendNotificationToAll-5d308d4b-a582-4c52-a94e-a2d1654b3afa]: exited {"metadata":{"emulator":{"name":"functions"},"function":{"name":"us-central1-sendNotificationToAll"},"extension":{},"message":"[worker-us-central1-sendNotificationToAll-5d308d4b-a582-4c52-a94e-a2d1654b3afa]: exited"}}
[debug] [2023-07-20T09:15:12.780Z] [worker-us-central1-sendNotificationToAll-5d308d4b-a582-4c52-a94e-a2d1654b3afa]: FINISHED {"metadata":{"emulator":{"name":"functions"},"function":{"name":"us-central1-sendNotificationToAll"},"extension":{},"message":"[worker-us-central1-sendNotificationToAll-5d308d4b-a582-4c52-a94e-a2d1654b3afa]: FINISHED"}}
